#1
Execution Time Summary:
2024-09-29 14:39:13,854 check_top_page: 23.00 seconds
2024-09-29 14:39:13,854 check_login_page: 0.23 seconds
2024-09-29 14:39:13,854 check_published_pages: 5.35 seconds
2024-09-29 14:39:13,854 check_published_posts: 109.99 seconds
2024-09-29 14:39:13,854 create_post: 0.02 seconds
2024-09-29 14:39:13,854 
Total Execution Time: 138.59 seconds
2024-09-29 14:39:13,854 
Item Counts Summary:
2024-09-29 14:39:13,854 Total number of pages: 12
2024-09-29 14:39:13,854 Total number of posts: 437

#2
Execution Time Summary:
2024-09-29 14:53:37,808 check_top_page: 9.35 seconds
2024-09-29 14:53:37,808 check_login_page: 0.10 seconds
2024-09-29 14:53:37,808 check_published_pages: 4.25 seconds
2024-09-29 14:53:37,808 check_published_posts: 113.11 seconds
2024-09-29 14:53:37,808 create_post: 0.02 seconds
2024-09-29 14:53:37,808 
Total Execution Time: 126.84 seconds
2024-09-29 14:53:37,808 
Item Counts Summary:
2024-09-29 14:53:37,809 Total number of pages: 12
2024-09-29 14:53:37,809 Total number of posts: 437

#3
Execution Time Summary:
2024-09-29 15:31:47,533 check_top_page: 19.80 seconds
2024-09-29 15:31:47,533 check_login_page: 0.60 seconds
2024-09-29 15:31:47,533 check_published_pages: 3.60 seconds
2024-09-29 15:31:47,533 check_published_posts: 98.80 seconds
2024-09-29 15:31:47,533 create_post: 0.02 seconds
2024-09-29 15:31:47,533 
Total Execution Time: 122.82 seconds
2024-09-29 15:31:47,533 
Item Counts Summary:
2024-09-29 15:31:47,533 Total number of pages: 12
2024-09-29 15:31:47,533 Total number of posts: 437

#4
Execution Time Summary:
2024-09-29 15:46:25,787 check_top_page: 19.65 seconds
2024-09-29 15:46:25,787 check_login_page: 0.23 seconds
2024-09-29 15:46:25,787 check_published_pages: 6.13 seconds
2024-09-29 15:46:25,787 check_published_posts: 102.55 seconds
2024-09-29 15:46:25,787 create_post: 0.02 seconds
2024-09-29 15:46:25,787 
Total Execution Time: 128.58 seconds
2024-09-29 15:46:25,787 
Item Counts Summary:
2024-09-29 15:46:25,787 Total number of pages: 12
2024-09-29 15:46:25,787 Total number of posts: 437

#5
Execution Time Summary:
2024-09-29 16:00:49,471 check_top_page: 5.92 seconds
2024-09-29 16:00:49,471 check_login_page: 0.08 seconds
2024-09-29 16:00:49,471 check_published_pages: 2.03 seconds
2024-09-29 16:00:49,471 check_published_posts: 107.25 seconds
2024-09-29 16:00:49,471 create_post: 0.02 seconds
2024-09-29 16:00:49,471 
Total Execution Time: 115.30 seconds
2024-09-29 16:00:49,471 
Item Counts Summary:
2024-09-29 16:00:49,471 Total number of pages: 12
2024-09-29 16:00:49,472 Total number of posts: 437
