2024-10-06 16:52:15,108 Top page is accessible.
2024-10-06 16:52:15,108 Execution time for check_top_page: 2.1655397415161133 seconds
2024-10-06 16:52:15,347 Failed to fetch pages. Status Code: 400
2024-10-06 16:52:16,582 Failed to fetch posts. Status Code: 400
2024-10-06 16:52:16,582 Total number of published pages: 12
2024-10-06 16:52:16,582 Total number of published posts: 437
2024-10-06 16:52:16,621 Published page "Dojoの活動成果" is accessible.
2024-10-06 16:52:16,652 Published page "研究室紹介" is accessible.
2024-10-06 16:52:16,681 Published page "CDSLの紹介" is accessible.
2024-10-06 16:52:16,708 Published page "ファシリティ" is accessible.
2024-10-06 16:52:16,740 Published page "ITファシリティ" is accessible.
2024-10-06 16:52:16,767 Published page "使用ツール" is accessible.
2024-10-06 16:52:16,803 Published page "公開アセット(Qiita, GitHub)" is accessible.
2024-10-06 16:52:16,838 Published page "研究室配属" is accessible.
2024-10-06 16:52:16,868 Published page "アクセス" is accessible.
2024-10-06 16:52:16,903 Published page "メンバー" is accessible.
2024-10-06 16:52:16,939 Published page "テクニカルレポート" is accessible.
2024-10-06 16:52:16,971 Published page "ホーム" is accessible.
2024-10-06 16:52:17,010 Published post "自己紹介（有田海斗）" is accessible.
2024-10-06 16:52:17,047 Published post "自己紹介(坂井萌桜)" is accessible.
2024-10-06 16:52:17,078 Published post "自己紹介（月森陽太）" is accessible.
2024-10-06 16:52:17,112 Published post "L&#8217;argent ne fait pas le bonheur" is accessible.
2024-10-06 16:52:17,147 Published post "自己紹介（可知元夢）" is accessible.
2024-10-06 16:52:17,179 Published post "自己紹介（井出 佑）" is accessible.
2024-10-06 16:52:17,215 Published post "ICMWSを終えて" is accessible.
2024-10-06 16:52:17,256 Published post "終戦の日に靖国神社を参拝しました" is accessible.
2024-10-06 16:52:17,288 Published post "博士課程の報告会を終えて" is accessible.
2024-10-06 16:52:17,319 Published post "大学生が作る飯" is accessible.
2024-10-06 16:52:17,355 Published post "14minesweeper variantsを布教したい" is accessible.
2024-10-06 16:52:17,387 Published post "日本語の単語の持つ意味が多すぎる" is accessible.
2024-10-06 16:52:17,421 Published post "就職先企業が買収された" is accessible.
2024-10-06 16:52:17,452 Published post "めまいはつらい" is accessible.
2024-10-06 16:52:17,483 Published post "締め切りが守れない" is accessible.
2024-10-06 16:52:17,527 Published post "テクニカルレポートが間に合いそうかもしれないしそうでもなくもなさそうって話" is accessible.
2024-10-06 16:52:17,558 Published post "ふと思いついた四字熟語" is accessible.
2024-10-06 16:52:17,612 Published post "新しいお札" is accessible.
2024-10-06 16:52:17,653 Published post "ログと一緒" is accessible.
2024-10-06 16:52:17,683 Published post "ヘビ毒と母の言葉は遅効性" is accessible.
2024-10-06 16:52:17,715 Published post "1年前の自分と振り返って" is accessible.
2024-10-06 16:52:17,747 Published post "コンピュータ関連の仕事でもコミュニケーションが大切" is accessible.
2024-10-06 16:52:17,777 Published post "自身のテクレポタイトルの変遷" is accessible.
2024-10-06 16:52:17,810 Published post "Regulation" is accessible.
2024-10-06 16:52:17,854 Published post "穴釣りの楽しさについて" is accessible.
2024-10-06 16:52:17,888 Published post "人生の場数を用いた企業面接の攻略法" is accessible.
2024-10-06 16:52:17,923 Published post "ミックスボイス出したい" is accessible.
2024-10-06 16:52:17,967 Published post "間食は食べ過ぎないように" is accessible.
2024-10-06 16:52:18,011 Published post "サバゲーに行く話" is accessible.
2024-10-06 16:52:18,057 Published post "朝起きられない人へ" is accessible.
2024-10-06 16:52:18,094 Published post "サバゲ―に行った話" is accessible.
2024-10-06 16:52:18,126 Published post "八王子駅周辺おすすめラーメン屋さん" is accessible.
2024-10-06 16:52:18,162 Published post "AIにブログ書かせてみた" is accessible.
2024-10-06 16:52:18,193 Published post "休日の過ごし方　" is accessible.
2024-10-06 16:52:18,234 Published post "上野原市から見える高速道路について" is accessible.
2024-10-06 16:52:18,272 Published post "技術の視点が変わった話" is accessible.
2024-10-06 16:52:18,303 Published post "東京工科大学で取れる食物繊維について" is accessible.
2024-10-06 16:52:18,337 Published post "研究室でハムスター飼いたい" is accessible.
2024-10-06 16:52:18,375 Published post "春と夏の間" is accessible.
2024-10-06 16:52:18,411 Published post "おい，お前！そこのお前だよ！" is accessible.
2024-10-06 16:52:18,446 Published post "Cloud Native Dojo 2024の募集をしました!" is accessible.
2024-10-06 16:52:18,496 Published post "社会人と学生の違い" is accessible.
2024-10-06 16:52:18,528 Published post "2024年度　新入生学部交流会" is accessible.
2024-10-06 16:52:18,568 Published post "2024年度 新入生ガイダンス_フレッシャーズゼミ" is accessible.
2024-10-06 16:52:18,627 Published post "Struggling with Accents" is accessible.
2024-10-06 16:52:18,663 Published post "変調を勉強" is accessible.
2024-10-06 16:52:18,702 Published post "プラットフォームとしての自動化(Zapier)" is accessible.
2024-10-06 16:52:18,735 Published post "学部生最後の旅行" is accessible.
2024-10-06 16:52:18,765 Published post "情報処理学会第198回マルチメディア通信と分散処理研究報告会においてプレゼンテーションを行いました" is accessible.
2024-10-06 16:52:18,800 Published post "オープンキャンパス2024でIoT Dojoのデモンストレーションを行いました" is accessible.
2024-10-06 16:52:18,834 Published post "3月１９日　表彰式" is accessible.
2024-10-06 16:52:18,887 Published post "東京工科大学の新学期" is accessible.
2024-10-06 16:52:18,919 Published post "3年ぶりの優勝！！！" is accessible.
2024-10-06 16:52:18,951 Published post "時の流れが早い" is accessible.
2024-10-06 16:52:18,983 Published post "Milthmを布教したい" is accessible.
2024-10-06 16:52:19,016 Published post "孫悟空から感じるエンジニア魂" is accessible.
2024-10-06 16:52:19,053 Published post "3月19日　学位授与" is accessible.
2024-10-06 16:52:19,088 Published post "東京女子大_加藤研合同発表会 in 2024春 (会場移動と懇親会)" is accessible.
2024-10-06 16:52:19,123 Published post "東京女子大_加藤研合同発表会 in 2024春 (プログラムと発表風景)" is accessible.
2024-10-06 16:52:19,155 Published post "学部長賞授与_令和6年4月1日" is accessible.
2024-10-06 16:52:19,185 Published post "眠い" is accessible.
2024-10-06 16:52:19,215 Published post "ログって大学の研究で使えるモノなのか" is accessible.
2024-10-06 16:52:19,246 Published post "お子様ランチに刺さっている旗" is accessible.
2024-10-06 16:52:19,277 Published post "交通事故の怖さ" is accessible.
2024-10-06 16:52:19,322 Published post "systemdで論文要約サイトのバックアップを自動化した話" is accessible.
2024-10-06 16:52:19,397 Published post "マルチキャストについて思った事" is accessible.
2024-10-06 16:52:19,433 Published post "音楽ライブの魅力" is accessible.
2024-10-06 16:52:19,468 Published post "AI VTuber　(??)" is accessible.
2024-10-06 16:52:19,499 Published post "テスト前に掃除し始める例のあれ" is accessible.
2024-10-06 16:52:19,530 Published post "ジャイロ 欠陥" is accessible.
2024-10-06 16:52:19,558 Published post "研究室に3年半所属してみて" is accessible.
2024-10-06 16:52:19,587 Published post "伝えることの難しさ" is accessible.
2024-10-06 16:52:19,619 Published post "修了寄稿" is accessible.
2024-10-06 16:52:19,649 Published post "皆さんありがとう！私はいつもギリギリです．" is accessible.
2024-10-06 16:52:19,677 Published post "[ランダムなタイトルを挿入]" is accessible.
2024-10-06 16:52:19,706 Published post "研究室での時間" is accessible.
2024-10-06 16:52:19,734 Published post "Time flies." is accessible.
2024-10-06 16:52:19,763 Published post "研究室と私" is accessible.
2024-10-06 16:52:19,792 Published post "学部ももう終わり" is accessible.
2024-10-06 16:52:19,824 Published post "己" is accessible.
2024-10-06 16:52:19,854 Published post "最後の投稿" is accessible.
2024-10-06 16:52:19,884 Published post "この日のために" is accessible.
2024-10-06 16:52:19,912 Published post "卒業課題を終えて" is accessible.
2024-10-06 16:52:19,940 Published post "最後の投稿" is accessible.
2024-10-06 16:52:19,969 Published post "感想戦" is accessible.
2024-10-06 16:52:19,998 Published post "これまでの話" is accessible.
2024-10-06 16:52:20,027 Published post "卒業課題は寂しい" is accessible.
2024-10-06 16:52:20,057 Published post "甲子園中止世代から未来の球児へ" is accessible.
2024-10-06 16:52:20,088 Published post "英語の履歴書と日本語の履歴書" is accessible.
2024-10-06 16:52:20,119 Published post "変わった趣味" is accessible.
2024-10-06 16:52:20,149 Published post "CytusⅡを布教したい" is accessible.
2024-10-06 16:52:20,178 Published post "オススメWEB小説作品2選+α" is accessible.
2024-10-06 16:52:20,207 Published post "AAが貼れなかった" is accessible.
2024-10-06 16:52:20,240 Published post "きぬた歯科の看板" is accessible.
2024-10-06 16:52:20,269 Published post "五十嵐さんの記事がCS学部のBlogに掲載" is accessible.
2024-10-06 16:52:20,301 Published post "ヨルシカ◂Ⓘ▸" is accessible.
2024-10-06 16:52:20,330 Published post "東京工科大学　お昼ご飯　格安　お腹いっぱい食られる ワザップ" is accessible.
2024-10-06 16:52:20,359 Published post "IoT Dojoでの活動記録がCS学部Blogに掲載" is accessible.
2024-10-06 16:52:20,388 Published post "晩御飯を作る時" is accessible.
2024-10-06 16:52:20,417 Published post "第15回大学コンソーシアム八王子学生発表会にてCDSLの学生が賞を受賞" is accessible.
2024-10-06 16:52:20,447 Published post "有備無患【大学コンソーシアム八王子】" is accessible.
2024-10-06 16:52:20,477 Published post "学部4年の大沢さんが国際会議IEEE CCEM 2023で発表＆受賞" is accessible.
2024-10-06 16:52:20,508 Published post "八王子コンソーシアムの学生発表について" is accessible.
2024-10-06 16:52:20,541 Published post "VCT2024" is accessible.
2024-10-06 16:52:20,571 Published post "大学コンソーシアム八王子学生発表会に参加しました" is accessible.
2024-10-06 16:52:20,601 Published post "「なのだ！」" is accessible.
2024-10-06 16:52:20,631 Published post "初めてaviutlを使ったら紙芝居ができた" is accessible.
2024-10-06 16:52:20,660 Published post "現代社会を創り出した技術と世界大戦" is accessible.
2024-10-06 16:52:20,689 Published post "季節の食べ物おいしい" is accessible.
2024-10-06 16:52:20,719 Published post "地元愛" is accessible.
2024-10-06 16:52:20,747 Published post "突然のトラブル：PCタッチパッドの謎" is accessible.
2024-10-06 16:52:20,778 Published post "GitHub Educationの申請に苦戦した話" is accessible.
2024-10-06 16:52:20,807 Published post "大阪大学の長谷川研究室に訪問してきました" is accessible.
2024-10-06 16:52:20,835 Published post "初めてのコロナ" is accessible.
2024-10-06 16:52:20,865 Published post "なぜ紅葉を見に行くのか" is accessible.
2024-10-06 16:52:20,896 Published post "ReactをGithub ActionsでCI/CDした話" is accessible.
2024-10-06 16:52:20,925 Published post "人生負け組！生きる価値なし！！！" is accessible.
2024-10-06 16:52:20,955 Published post "DPSW2023での発表の様子がCS学部Blogに掲載されました" is accessible.
2024-10-06 16:52:20,986 Published post "IEEE CCEM2023" is accessible.
2024-10-06 16:52:21,019 Published post "[Day3] DPSWS" is accessible.
2024-10-06 16:52:21,052 Published post "[Day2] DPSWS" is accessible.
2024-10-06 16:52:21,086 Published post "[Day1] DPSWS" is accessible.
2024-10-06 16:52:21,117 Published post "テクニカルレポート提出まで1か月" is accessible.
2024-10-06 16:52:21,146 Published post "内定式に出席しました" is accessible.
2024-10-06 16:52:21,175 Published post "転送サービスを利用した話" is accessible.
2024-10-06 16:52:21,207 Published post "ダイエットについて" is accessible.
2024-10-06 16:52:21,240 Published post "ふぃっしゅ数バージョン1【巨大数論】" is accessible.
2024-10-06 16:52:21,269 Published post "4年の三上さんの記事がCS学部のBlogに掲載" is accessible.
2024-10-06 16:52:21,297 Published post "曲の完成について2" is accessible.
2024-10-06 16:52:21,326 Published post "自己紹介（遠藤空）" is accessible.
2024-10-06 16:52:21,365 Published post "自己紹介(三上 翔太)" is accessible.
2024-10-06 16:52:21,393 Published post "自己紹介(筒井 優貴)" is accessible.
2024-10-06 16:52:21,424 Published post "3年生が研究室に配属されました！" is accessible.
2024-10-06 16:52:21,451 Published post "自己紹介 (奥田滉大)" is accessible.
2024-10-06 16:52:21,479 Published post "自己紹介(宮本港斗)" is accessible.
2024-10-06 16:52:21,507 Published post "自己紹介(橋本 健)" is accessible.
2024-10-06 16:52:21,535 Published post "自己紹介(石川裕人)" is accessible.
2024-10-06 16:52:21,563 Published post "自己紹介（加藤健吾）" is accessible.
2024-10-06 16:52:21,591 Published post "自己紹介（越後谷澪）" is accessible.
2024-10-06 16:52:21,618 Published post "自己紹介（山野倖平）" is accessible.
2024-10-06 16:52:21,646 Published post "自己紹介（鈴木友也）" is accessible.
2024-10-06 16:52:21,675 Published post "東京女子大学加藤研合同発表会 in 2023秋" is accessible.
2024-10-06 16:52:21,702 Published post "最近の不幸について" is accessible.
2024-10-06 16:52:21,732 Published post "サーバーのメモリを変えました" is accessible.
2024-10-06 16:52:21,762 Published post "キングダムおもろー" is accessible.
2024-10-06 16:52:21,790 Published post "自己紹介（田中美帆）" is accessible.
2024-10-06 16:52:21,821 Published post "自己紹介（川端ももの）" is accessible.
2024-10-06 16:52:21,848 Published post "自己紹介　（山本真也）" is accessible.
2024-10-06 16:52:21,877 Published post "自己紹介 (西村 克己)" is accessible.
2024-10-06 16:52:21,906 Published post "自己紹介（近藤悠斗）" is accessible.
2024-10-06 16:52:21,936 Published post "ICM Workshop 2023 を振り返って" is accessible.
2024-10-06 16:52:21,967 Published post "ICM Workshop 2023 [Day2]" is accessible.
2024-10-06 16:52:22,002 Published post "ICM Workshop 2023 [Day1]" is accessible.
2024-10-06 16:52:22,032 Published post "二回目の濃厚接触者になってしまった" is accessible.
2024-10-06 16:52:22,061 Published post "中間発表終了しました" is accessible.
2024-10-06 16:52:22,090 Published post "あと半年" is accessible.
2024-10-06 16:52:22,119 Published post "なぜ，夏のお盆がある？" is accessible.
2024-10-06 16:52:22,150 Published post "マンチェスターシティVS横浜Fマリノス" is accessible.
2024-10-06 16:52:22,183 Published post "TFT研究中 [Patch 13.14]" is accessible.
2024-10-06 16:52:22,212 Published post "COVID‑19" is accessible.
2024-10-06 16:52:22,240 Published post "休みまであと約2週間！！" is accessible.
2024-10-06 16:52:22,272 Published post "The Making of Harry Potter" is accessible.
2024-10-06 16:52:22,300 Published post "Shukatsu Sokatsu カツカツ" is accessible.
2024-10-06 16:52:22,329 Published post "IoT道場　進捗報告" is accessible.
2024-10-06 16:52:22,359 Published post "最近お気に入りの学食" is accessible.
2024-10-06 16:52:22,388 Published post "【読書レポート】『シラノ・ド・ベルジュラック』渡辺守章/訳" is accessible.
2024-10-06 16:52:22,416 Published post "曲の完成について" is accessible.
2024-10-06 16:52:22,445 Published post "生活習慣(筋トレ)" is accessible.
2024-10-06 16:52:22,473 Published post "最はま" is accessible.
2024-10-06 16:52:22,502 Published post "外耳炎で苦しんだ話" is accessible.
2024-10-06 16:52:22,530 Published post "今シーズン振り返り" is accessible.
2024-10-06 16:52:22,558 Published post "今年の映画マジ豊作" is accessible.
2024-10-06 16:52:22,587 Published post "学報75号にIoT道場の活動報告が掲載されました" is accessible.
2024-10-06 16:52:22,614 Published post "自動車学校に通い始めました" is accessible.
2024-10-06 16:52:22,642 Published post "新バージョン「Docker Desktop 4.19」" is accessible.
2024-10-06 16:52:22,670 Published post "[悲報]Dockerfile、生モノだった" is accessible.
2024-10-06 16:52:22,699 Published post "Kubernetes に使われている意外な技術" is accessible.
2024-10-06 16:52:22,728 Published post "束の間の休日" is accessible.
2024-10-06 16:52:22,756 Published post "北海道" is accessible.
2024-10-06 16:52:22,785 Published post "Star Wars Day" is accessible.
2024-10-06 16:52:22,814 Published post "新規サーバー登場" is accessible.
2024-10-06 16:52:22,843 Published post "GWの過ごし方について(今後．．．．)" is accessible.
2024-10-06 16:52:22,871 Published post "音楽理論を学んで" is accessible.
2024-10-06 16:52:22,899 Published post "2023度卒業生の高木さんに3年半の感想をインタビュー" is accessible.
2024-10-06 16:52:22,930 Published post "2023度卒業生の小山さんに3年半の感想をインタビュー" is accessible.
2024-10-06 16:52:22,958 Published post "2023卒業生の杉本さんに3年半の感想をインタビュー" is accessible.
2024-10-06 16:52:22,987 Published post "研究室の紹介ビデオを撮影中" is accessible.
2024-10-06 16:52:23,014 Published post "食事の大切さにについて" is accessible.
2024-10-06 16:52:23,043 Published post "とりあえずピアス開けた(^q^)" is accessible.
2024-10-06 16:52:23,075 Published post "帰省ついでに旅行に行ってきた" is accessible.
2024-10-06 16:52:23,103 Published post "節約術を鍛えたい" is accessible.
2024-10-06 16:52:23,131 Published post "よりより" is accessible.
2024-10-06 16:52:23,161 Published post "引き続き沼っています（9万円溶かしました）" is accessible.
2024-10-06 16:52:23,191 Published post "AINA2023を終えて" is accessible.
2024-10-06 16:52:23,219 Published post "もう４月だよ" is accessible.
2024-10-06 16:52:23,247 Published post "小山さんの出張記事がCS学部のブログに掲載" is accessible.
2024-10-06 16:52:23,278 Published post "PRIME X570-PRO/CSMのBIOSをバージョンアップしてみた" is accessible.
2024-10-06 16:52:23,308 Published post "[day6] 日本はもうすぐ" is accessible.
2024-10-06 16:52:23,339 Published post "[day5] 日本に向けて移動" is accessible.
2024-10-06 16:52:23,368 Published post "League of Legendsの上達と課題" is accessible.
2024-10-06 16:52:23,399 Published post "[day4] CIoT2023の3日目" is accessible.
2024-10-06 16:52:23,431 Published post "[day3] CIoT2023の2日目" is accessible.
2024-10-06 16:52:23,463 Published post "[day2] CIoT2023の1日目" is accessible.
2024-10-06 16:52:23,491 Published post "発表の大変さと大切さ" is accessible.
2024-10-06 16:52:23,523 Published post "[day1] 韓国からポルトガルへ" is accessible.
2024-10-06 16:52:23,555 Published post "[day0] CIoT 2023に向けて出発" is accessible.
2024-10-06 16:52:23,585 Published post "東京女子大学加藤研合同発表会 in 2023春" is accessible.
2024-10-06 16:52:23,614 Published post "学位授与式" is accessible.
2024-10-06 16:52:23,643 Published post "インドの大学との共同成果をテクニカルレポートで公開" is accessible.
2024-10-06 16:52:23,673 Published post "DPS194(東京)にてCDSL4年生2名が発表しました" is accessible.
2024-10-06 16:52:23,702 Published post "SynthesizerV AIがどう使われていくのか気になっている" is accessible.
2024-10-06 16:52:23,730 Published post "就活苦しい就活" is accessible.
2024-10-06 16:52:23,759 Published post "Los Angeles" is accessible.
2024-10-06 16:52:23,787 Published post "半年後の君へ" is accessible.
2024-10-06 16:52:23,815 Published post "IoT Dojo 2022 [チーム:いいじまっち]での成果を動画にて公開" is accessible.
2024-10-06 16:52:23,845 Published post "ハイパー演算とアッカーマン関数【巨大数論】" is accessible.
2024-10-06 16:52:23,875 Published post "インドの大学と共同で論文を執筆し、公開" is accessible.
2024-10-06 16:52:23,904 Published post "卒業論文に向けて" is accessible.
2024-10-06 16:52:23,934 Published post "ポスター発表会" is accessible.
2024-10-06 16:52:23,965 Published post "サーバーの追加作業(Plum)" is accessible.
2024-10-06 16:52:23,994 Published post "Slay the Spire、上手くなりたい" is accessible.
2024-10-06 16:52:24,022 Published post "東京恐い" is accessible.
2024-10-06 16:52:24,050 Published post "2022年度卒業課題最終発表会" is accessible.
2024-10-06 16:52:24,079 Published post "Macユーザの私がゲームのために心を鬼にしてWindows PCを買った話" is accessible.
2024-10-06 16:52:24,108 Published post "近況報告" is accessible.
2024-10-06 16:52:24,137 Published post "熟睡のために" is accessible.
2024-10-06 16:52:24,166 Published post "新しく始めたゲームに沼ってます" is accessible.
2024-10-06 16:52:24,195 Published post "小山さんの論文が国際会議6th Conference on Cloud and Internet of Thingsにて採録" is accessible.
2024-10-06 16:52:24,222 Published post "M2の小山さんが書いたCloud Native Dojo/IoT Dojoの記事" is accessible.
2024-10-06 16:52:24,251 Published post "はまっているスマホゲームについて" is accessible.
2024-10-06 16:52:24,279 Published post "春休み" is accessible.
2024-10-06 16:52:24,309 Published post "M2 MacBook Airを買いました" is accessible.
2024-10-06 16:52:24,337 Published post "杉本さんの論文が国際会議AINA2023にて採録" is accessible.
2024-10-06 16:52:24,367 Published post "Semantic Versioning を考える" is accessible.
2024-10-06 16:52:24,395 Published post "就職活動の失敗について" is accessible.
2024-10-06 16:52:24,426 Published post "AWSの無料枠EC2でelasticsearchを動かす時にメモリが足りない！！" is accessible.
2024-10-06 16:52:24,464 Published post "スクレイピングで馬の情報を取りたいね" is accessible.
2024-10-06 16:52:24,544 Published post "サッカーワールドカップを観た感想" is accessible.
2024-10-06 16:52:24,578 Published post "Wasmtimeのメジャーバージョンが上がるのが早くてびっくりした話" is accessible.
2024-10-06 16:52:24,612 Published post "第193回DPS研究会での発表（仙台編）" is accessible.
2024-10-06 16:52:24,648 Published post "バージョン1.0と完成度のジレンマ" is accessible.
2024-10-06 16:52:24,685 Published post "openVinoを使った話" is accessible.
2024-10-06 16:52:24,723 Published post "もし私が大学院に進学しなければ" is accessible.
2024-10-06 16:52:24,755 Published post "2022年ももうすぐ終わり" is accessible.
2024-10-06 16:52:24,787 Published post "サーモンランの評価上げ方(スプラ3)" is accessible.
2024-10-06 16:52:24,823 Published post "チェンソーマンのOP・ED曲のMV一覧" is accessible.
2024-10-06 16:52:24,855 Published post "マックの番号札にmacアドレスが書いてありました。（テーブルロケータ）" is accessible.
2024-10-06 16:52:24,888 Published post "チャリ日和" is accessible.
2024-10-06 16:52:24,917 Published post "【フリーVST】Valhalla Super Massiveの試用" is accessible.
2024-10-06 16:52:24,947 Published post "DPSWS2022にて研究発表 ~ 咽頭炎を沿えて ~" is accessible.
2024-10-06 16:52:24,976 Published post "後期テクニカルレポート提出期限間近！" is accessible.
2024-10-06 16:52:25,009 Published post "curlの-wオプション（時間計測）" is accessible.
2024-10-06 16:52:25,042 Published post "不思議な英単語&#8221;Ghoti&#8221;の読み方とは？ー英語の綴りと発音の謎について解説！" is accessible.
2024-10-06 16:52:25,077 Published post "自己紹介 ( 五十嵐 蓮 )" is accessible.
2024-10-06 16:52:25,105 Published post "自己紹介（西嶌知良）" is accessible.
2024-10-06 16:52:25,133 Published post "自己紹介（中里聖）" is accessible.
2024-10-06 16:52:25,161 Published post "自己紹介（圖齋雄治）" is accessible.
2024-10-06 16:52:25,190 Published post "自己紹介（栗原尚希）" is accessible.
2024-10-06 16:52:25,218 Published post "自己紹介（金子拓磨）" is accessible.
2024-10-06 16:52:25,246 Published post "自己紹介（遠藤睦実）" is accessible.
2024-10-06 16:52:25,278 Published post "自己紹介" is accessible.
2024-10-06 16:52:25,307 Published post "メンターがすべきこと 〜IoT Dojoからの学び〜" is accessible.
2024-10-06 16:52:25,338 Published post "東京女子大学 加藤研究室と合同研究発表会を行いました！" is accessible.
2024-10-06 16:52:25,368 Published post "自己紹介（いだなおき）" is accessible.
2024-10-06 16:52:25,396 Published post "自己紹介です" is accessible.
2024-10-06 16:52:25,427 Published post "大学(院)研究に必要なのは何か" is accessible.
2024-10-06 16:52:25,455 Published post "自己紹介 (増田 和範)" is accessible.
2024-10-06 16:52:25,485 Published post "運用は難しい" is accessible.
2024-10-06 16:52:25,514 Published post "書き捨てのPythonプロジェクトを生成するワンライナー" is accessible.
2024-10-06 16:52:25,546 Published post "情報処理学会 DPS192(広島)にての発表" is accessible.
2024-10-06 16:52:25,575 Published post "ICM Workshop 2022" is accessible.
2024-10-06 16:52:25,605 Published post "KubernetesのNamespaceがTerminatingで消えないとき" is accessible.
2024-10-06 16:52:25,635 Published post "BWF World Championshipsにいってきました" is accessible.
2024-10-06 16:52:25,667 Published post "おかし" is accessible.
2024-10-06 16:52:25,699 Published post "Dockerの勉強会を行ったときの資料" is accessible.
2024-10-06 16:52:25,730 Published post "ESXiが起動できなくなったのでBIOSアップデートをしました。" is accessible.
2024-10-06 16:52:25,759 Published post "3年生初めての作業" is accessible.
2024-10-06 16:52:25,790 Published post "修士の中間審査を行いました" is accessible.
2024-10-06 16:52:25,820 Published post "GPA2以下が学会発表する" is accessible.
2024-10-06 16:52:25,851 Published post "就職すべきか進学すべきか、それが問題だ" is accessible.
2024-10-06 16:52:25,883 Published post "輪講会でのスライドの作り方" is accessible.
2024-10-06 16:52:25,913 Published post "髙木さんの記事がCS学部のBlogに掲載" is accessible.
2024-10-06 16:52:25,943 Published post "India-Japan Cooperative Learning 2022/7/8" is accessible.
2024-10-06 16:52:25,972 Published post "一難去ってまた一難" is accessible.
2024-10-06 16:52:26,005 Published post "GIoTS 2022 での学会発表 ~ 発表編 ~" is accessible.
2024-10-06 16:52:26,041 Published post "GIoTS 2022 での学会発表 ~ ダブリンでの生活編 ~" is accessible.
2024-10-06 16:52:26,072 Published post "GIoTS 2022 での学会発表 ~ IoT Week編 ~" is accessible.
2024-10-06 16:52:26,105 Published post "GIoTS 2022 での学会発表 ~ 出国・入国編 ~" is accessible.
2024-10-06 16:52:26,133 Published post "富士山に登りたいと思っている話" is accessible.
2024-10-06 16:52:26,163 Published post "高木さんからダブリンのプレゼントをいただきました!!ありがとう!!" is accessible.
2024-10-06 16:52:26,193 Published post "YouTubeで学べるインド英語" is accessible.
2024-10-06 16:52:26,228 Published post "【安価！】povo2.0とポケットWi-FiでIoT機器用モバイルネットワーク環境の構築" is accessible.
2024-10-06 16:52:26,259 Published post "India-Japan Cooperative Learning 2022/6/3" is accessible.
2024-10-06 16:52:26,290 Published post "cronの設定場所" is accessible.
2024-10-06 16:52:26,323 Published post "情報処理学会 DPS191(沖縄)にて発表してきました" is accessible.
2024-10-06 16:52:26,352 Published post "最近" is accessible.
2024-10-06 16:52:26,384 Published post "髙木さんが国際会議Global IoT Summitで発表 " is accessible.
2024-10-06 16:52:26,417 Published post "India-Japan Cooperative Learning 2022/5/20" is accessible.
2024-10-06 16:52:26,451 Published post "IoT Dojo キックオフ" is accessible.
2024-10-06 16:52:26,481 Published post "India-Japan Cooperative Learning 2022/5/13" is accessible.
2024-10-06 16:52:26,512 Published post "飯島さんの研究が大学案内2023に掲載" is accessible.
2024-10-06 16:52:26,543 Published post "テクニカルレポート検索サイト Doktorを公開しました" is accessible.
2024-10-06 16:52:26,574 Published post "インタビュー動画作成しました！" is accessible.
2024-10-06 16:52:26,605 Published post "これまでの学部・修士でやってきた就活の話" is accessible.
2024-10-06 16:52:26,636 Published post "Cloud Native Dojo 2021での成果を動画で公開" is accessible.
2024-10-06 16:52:26,667 Published post "インドの学生と顔合わせしました" is accessible.
2024-10-06 16:52:26,698 Published post "SO_REUSEPORT 完全に理解した（い）" is accessible.
2024-10-06 16:52:26,727 Published post "CDSLの本棚" is accessible.
2024-10-06 16:52:26,764 Published post "小山さんがAINA-2022で発表" is accessible.
2024-10-06 16:52:26,794 Published post "国際会議 AINA-2022 で発表しました" is accessible.
2024-10-06 16:52:26,825 Published post "学生証から学籍番号を取得してみた" is accessible.
2024-10-06 16:52:26,855 Published post "ESXi上のrke2にistioをインストールする" is accessible.
2024-10-06 16:52:26,886 Published post "東京女子大学と合同研究発表会を行いました！" is accessible.
2024-10-06 16:52:26,918 Published post "伊藤さんがポスター発表審査会の優秀賞を受賞しました" is accessible.
2024-10-06 16:52:26,947 Published post "Open Campus 2022で研究室紹介を行いました！" is accessible.
2024-10-06 16:52:26,979 Published post "学生2名が学部長賞を受賞しました" is accessible.
2024-10-06 16:52:27,008 Published post "インフラのトラブルシューティングでやることまとめ" is accessible.
2024-10-06 16:52:27,037 Published post "自己紹介" is accessible.
2024-10-06 16:52:27,066 Published post "春休みの研究室" is accessible.
2024-10-06 16:52:27,094 Published post "小山さんの論文が情報処理学会論文誌に掲載" is accessible.
2024-10-06 16:52:27,123 Published post "飯島さん，秋山さんがDPS研究会で発表" is accessible.
2024-10-06 16:52:27,152 Published post "ただの自己紹介" is accessible.
2024-10-06 16:52:27,180 Published post "自己紹介する" is accessible.
2024-10-06 16:52:27,212 Published post "VMの作成とOSインストール，遠隔ログイン設定を自動化" is accessible.
2024-10-06 16:52:27,242 Published post "じこしょーかい！" is accessible.
2024-10-06 16:52:27,271 Published post "自宅に Kubernetes 環境を構築した話" is accessible.
2024-10-06 16:52:27,307 Published post "【バズ・ライトイヤーのアストロブラスターで10万点取る方法】" is accessible.
2024-10-06 16:52:27,338 Published post "WordPressサーバを移行しました。＋自己紹介" is accessible.
2024-10-06 16:52:27,368 Published post "自己紹介" is accessible.
2024-10-06 16:52:27,398 Published post "自己紹介" is accessible.
2024-10-06 16:52:27,430 Published post "研究室を振り返って" is accessible.
2024-10-06 16:52:27,459 Published post "ESP32並列処理のあれそれ" is accessible.
2024-10-06 16:52:27,490 Published post "新たなサーバーの組み立て" is accessible.
2024-10-06 16:52:27,524 Published post "研究室にあるVMのバックアップ事情" is accessible.
2024-10-06 16:52:27,571 Published post "第29回 マルチメディア通信と分散処理ワークショップ (DPSWS2021)で発表を行いました" is accessible.
2024-10-06 16:52:27,612 Published post "髙木さん，杉本さん，河竹さんがCCEM2021で受賞" is accessible.
2024-10-06 16:52:27,697 Published post "M-1グランプリ2021の話" is accessible.
2024-10-06 16:52:27,733 Published post "内定式" is accessible.
2024-10-06 16:52:27,769 Published post "Cloud Native Dojo #1 / #2を開催" is accessible.
2024-10-06 16:52:27,846 Published post "ワクチンの副作用の話" is accessible.
2024-10-06 16:52:27,883 Published post "CDSLのBoot Camp (2021)" is accessible.
2024-10-06 16:52:27,913 Published post "衣食住のはなし" is accessible.
2024-10-06 16:52:27,943 Published post "東京女子大学との合同研究発表会について" is accessible.
2024-10-06 16:52:27,973 Published post "あなたは『環境に良い車』に乗りたいですか？" is accessible.
2024-10-06 16:52:28,002 Published post "五味康隆氏から学ぶ、自動車のこれから" is accessible.
2024-10-06 16:52:28,036 Published post "Open Hack U 2021 Onlineに参加しました" is accessible.
2024-10-06 16:52:28,065 Published post "「Cloud Native Dojo 2021」の記事がCS学部Blogに掲載されました．" is accessible.
2024-10-06 16:52:28,094 Published post "pLaTeXで丸数字を埋め込むマクロをつくる" is accessible.
2024-10-06 16:52:28,124 Published post "ICM Workshop 2021" is accessible.
2024-10-06 16:52:28,153 Published post "Twitterアカウントを開設しました" is accessible.
2024-10-06 16:52:28,184 Published post "さよなら踏み台VM，こんにちは踏み台コンテナ！" is accessible.
2024-10-06 16:52:28,216 Published post "2021年度卒業課題中間発表会" is accessible.
2024-10-06 16:52:28,251 Published post "AWSのKubernetesエンジンであるEKSを使ってみた話" is accessible.
2024-10-06 16:52:28,305 Published post "CDSLスケジュール in 2021summer" is accessible.
2024-10-06 16:52:28,383 Published post "学部2年生を対象にCloud Native Dojoを開催" is accessible.
2024-10-06 16:52:28,414 Published post "卒業研究の基礎実験" is accessible.
2024-10-06 16:52:28,448 Published post "『ビジョナリー・カンパニー』から学ぶ経営学" is accessible.
2024-10-06 16:52:28,481 Published post "睡眠不足の方へ" is accessible.
2024-10-06 16:52:28,512 Published post "ゲリラ雷雨" is accessible.
2024-10-06 16:52:28,549 Published post "表面温度取得がバグってる件について" is accessible.
2024-10-06 16:52:28,581 Published post "コラッツ予想って本当なんか！？" is accessible.
2024-10-06 16:52:28,610 Published post "NBAファイナルの話" is accessible.
2024-10-06 16:52:28,642 Published post "美味しかった八王子のラーメン3選" is accessible.
2024-10-06 16:52:28,672 Published post "Remote SSH で Include ディレクティブを利用したときにハマったこと" is accessible.
2024-10-06 16:52:28,702 Published post "UARTのあれこれ" is accessible.
2024-10-06 16:52:28,733 Published post "パチンコの話" is accessible.
2024-10-06 16:52:28,765 Published post "3年くらい使っていた1080tiが壊れて、転売ヤーを恨んだ話" is accessible.
2024-10-06 16:52:28,797 Published post "DPS・MBL・ITS・SeMI合同研究発表会で発表した話" is accessible.
2024-10-06 16:52:28,827 Published post "就職活動で役に立ったアプリ" is accessible.
2024-10-06 16:52:28,864 Published post "Apple製品を使うなら自動化を極めようという話" is accessible.
2024-10-06 16:52:28,895 Published post "シン・エヴァンゲリオンで出てきた”L5”という単語について" is accessible.
2024-10-06 16:52:28,927 Published post "就活の報告" is accessible.
2024-10-06 16:52:28,960 Published post "かっこいいポンチ絵の書き方" is accessible.
2024-10-06 16:52:28,995 Published post "学位授与式がありました" is accessible.
2024-10-06 16:52:29,030 Published post "変ハ長調の面白さ" is accessible.
2024-10-06 16:52:29,061 Published post "API Blueprint でAPI設計書を書く 超入門編 Part1" is accessible.
2024-10-06 16:52:29,092 Published post "英単語暗記法" is accessible.
2024-10-06 16:52:29,126 Published post "Apexでマスターに行く方法" is accessible.
2024-10-06 16:52:29,157 Published post "東京女子大学との合同発表会を行いました" is accessible.
2024-10-06 16:52:29,188 Published post "新宮さん，飯島さん，小山さんがコンピュータサイエンス学部から表彰されました．" is accessible.
2024-10-06 16:52:29,219 Published post "IEEE CCEM PCW 2021で発表しました" is accessible.
2024-10-06 16:52:29,248 Published post "仲良くサーバー組み立て" is accessible.
2024-10-06 16:52:29,279 Published post "今まで経験してきたアルバイトまとめ" is accessible.
2024-10-06 16:52:29,312 Published post "2021年卒業研究発表会" is accessible.
2024-10-06 16:52:29,346 Published post "ヒドラゲームと巨大数論" is accessible.
2024-10-06 16:52:29,378 Published post "[解決法]LatexでURLを載せる時にエラーになってしまう/フォントが他の周りから浮いてしまう" is accessible.
2024-10-06 16:52:29,406 Published post "実装難しすぎる問題" is accessible.
2024-10-06 16:52:29,437 Published post "BLEの身近な使われ方" is accessible.
2024-10-06 16:52:29,471 Published post "第185回 DPS研究発表会で発表を行いました" is accessible.
2024-10-06 16:52:29,504 Published post "k8sのあれこれ(k3s, k0s..etc)" is accessible.
2024-10-06 16:52:29,544 Published post "Unified RequestID Assignment on MicroservicesがThe Student Project Showcase Proposal &#8211; First Prizeを受賞しました．" is accessible.
2024-10-06 16:52:29,573 Published post "飯島貴政さんがCCEM2020で受賞" is accessible.
2024-10-06 16:52:29,602 Published post "Amazon,楽天の抱える危機" is accessible.
2024-10-06 16:52:29,631 Published post "go toキャンペーン" is accessible.
2024-10-06 16:52:29,660 Published post "データ送受信フォーム作成コマンドの始まり" is accessible.
2024-10-06 16:52:29,691 Published post "gossとGitHub Actionsでインフラを自動テストした" is accessible.
2024-10-06 16:52:29,719 Published post "自己紹介" is accessible.
2024-10-06 16:52:29,748 Published post "自己紹介" is accessible.
2024-10-06 16:52:29,777 Published post "大規模なゲームを運用するということ" is accessible.
2024-10-06 16:52:29,806 Published post "第三回テクニカルレポート" is accessible.
2024-10-06 16:52:29,835 Published post "自己紹介" is accessible.
2024-10-06 16:52:29,864 Published post "クレジットカードブランドとカード発行会社について" is accessible.
2024-10-06 16:52:29,894 Published post "自己紹介" is accessible.
2024-10-06 16:52:29,923 Published post "自己紹介とIoT相談会" is accessible.
2024-10-06 16:52:29,952 Published post "カオスエンジニアリングとは" is accessible.
2024-10-06 16:52:29,980 Published post "自己申告フォーム作成" is accessible.
2024-10-06 16:52:30,010 Published post "デジタル・コミュニケーションの課題とは?" is accessible.
2024-10-06 16:52:30,038 Published post "はじめまして" is accessible.
2024-10-06 16:52:30,067 Published post "PCは暖房説" is accessible.
2024-10-06 16:52:30,098 Published post "テーマに悩む話 -巨人様のお足元にて-" is accessible.
2024-10-06 16:52:30,128 Published post "研究室で3台目のサーバーを組み立てる" is accessible.
2024-10-06 16:52:30,160 Published post "IoT講習会" is accessible.
2024-10-06 16:52:30,189 Published post "CDSLのBoot Camp！" is accessible.
2024-10-06 16:52:30,218 Published post "２０２０年度後期授業が始まりました！" is accessible.
2024-10-06 16:52:30,252 Published post "Synology DS1618+(NAS) HDDを交換した" is accessible.
2024-10-06 16:52:30,283 Published post "Synology DS1618+(NAS) LUN拡張の手引き" is accessible.
2024-10-06 16:52:30,312 Published post "はじめまして" is accessible.
2024-10-06 16:52:30,342 Published post "中間発表会" is accessible.
2024-10-06 16:52:30,373 Published post "BootCampを開催しました！(2日目)" is accessible.
2024-10-06 16:52:30,404 Published post "BootCampを開催しました！(1日目)" is accessible.
2024-10-06 16:52:30,437 Published post "マイコンのスリープモードを簡単に理解したい！" is accessible.
2024-10-06 16:52:30,466 Published post "分散システムにおけるCAP定理とは" is accessible.
2024-10-06 16:52:30,500 Published post "クラウド技術が勉強会で分かる! そう，CDSLならね．" is accessible.
2024-10-06 16:52:30,535 Published post "ビザンチン将軍問題 ~合意するって難しい~" is accessible.
2024-10-06 16:52:30,566 Published post "IoT機器のセットアップを始めました" is accessible.
2024-10-06 16:52:30,598 Published post "3年生向けの研究室紹介サイトの負荷試験を実施しました" is accessible.
2024-10-06 16:52:30,628 Published post "外部公開用のk3s構築をしました" is accessible.
2024-10-06 16:52:30,664 Published post "CS学部の新入生に見てほしいコンテンツ" is accessible.
2024-10-06 16:52:30,697 Published post "平常通りオンラインでミーティング" is accessible.
2024-10-06 16:52:30,726 Published post "研究室で稼働しているESXiのVMを掃除しました" is accessible.
2024-10-06 16:52:30,756 Published post "創成課題で使用したIoT機材を片付けました" is accessible.
2024-10-06 16:52:30,785 Published post "卒業研究の準備をはじめました" is accessible.
2024-10-06 16:52:30,815 Published post "創成課題が終了しました" is accessible.
2024-10-06 16:52:30,844 Published post "Qiitaいいね数が1000超" is accessible.
2024-10-06 16:52:30,874 Published post "Qiita 週間 Organizationランキングで3位" is accessible.
2024-10-06 16:52:30,906 Published post "CDSLの立ち上げを振り返る" is accessible.
2024-10-06 16:52:30,935 Published post "テクニカルレポートを公開" is accessible.
2024-10-06 16:52:30,937 Execution time for check_published_pages_and_posts: 15.828393697738647 seconds
2024-10-06 16:52:31,199 Image "http://c0a21099-website-0915.a910.tak-cslab.org/wp-content/uploads/2024/09/image-522x1024.png" is accessible.
2024-10-06 16:52:31,224 Image "http://c0a21099-website-0915.a910.tak-cslab.org/wp-content/uploads/2024/09/1181D3C2-00B7-4E8D-8080-A3665306B755_1_105_c-2.jpeg" is accessible.
2024-10-06 16:52:31,250 Image "http://c0a21099-website-0915.a910.tak-cslab.org/wp-content/uploads/2024/09/ブログ用-1-1024x594.jpg" is accessible.
2024-10-06 16:52:31,285 Image "http://c0a21099-website-0915.a910.tak-cslab.org/wp-content/uploads/2024/08/IMG_0670-768x1024.jpg" is accessible.
2024-10-06 16:52:31,325 Image "http://c0a21099-website-0915.a910.tak-cslab.org/wp-content/uploads/2024/08/IMG_0669-768x1024.jpg" is accessible.
2024-10-06 16:52:31,369 Image "http://c0a21099-website-0915.a910.tak-cslab.org/wp-content/uploads/2024/06/komatta_man2-1.png" is accessible.
2024-10-06 16:52:31,391 Image "http://c0a21099-website-0915.a910.tak-cslab.org/wp-content/uploads/2024/06/discussion-794137_1280-1024x682.jpg" is accessible.
2024-10-06 16:52:31,422 Image "http://c0a21099-website-0915.a910.tak-cslab.org/wp-content/uploads/2024/06/FullSizeRender-edited.jpeg" is accessible.
2024-10-06 16:52:31,454 Image "http://c0a21099-website-0915.a910.tak-cslab.org/wp-content/uploads/2024/06/IMG_1463-2-768x1024.jpg" is accessible.
2024-10-06 16:52:31,477 Image "http://c0a21099-website-0915.a910.tak-cslab.org/wp-content/uploads/2024/06/IMG_1462-768x1024.jpg" is accessible.
2024-10-06 16:52:31,622 Image "https://cdn.mainichi.jp/vol1/2019/07/12/20190712ddm001010054000p/8.jpg?1" is accessible.
2024-10-06 16:52:31,630 Image "http://c0a21099-website-0915.a910.tak-cslab.org/wp-content/uploads/2024/06/1578146709094-1024x737.jpg" is accessible.
2024-10-06 16:52:31,658 Image "http://c0a21099-website-0915.a910.tak-cslab.org/wp-content/uploads/2024/06/1618113444267-1024x768.jpg" is accessible.
2024-10-06 16:52:31,729 Image "https://tenkoo.tokyo/k6405.jpg" is accessible.
2024-10-06 16:52:31,773 Image "https://tenkoo.tokyo/map.jpg" is accessible.
2024-10-06 16:52:31,828 Image "http://c0a21099-website-0915.a910.tak-cslab.org/wp-content/uploads/2024/05/IMG_9188-768x1024.jpg" is accessible.
2024-10-06 16:52:31,846 Image "http://c0a21099-website-0915.a910.tak-cslab.org/wp-content/uploads/2024/05/IMG_1273-1024x768.jpg" is accessible.
2024-10-06 16:52:31,859 Image "http://c0a21099-website-0915.a910.tak-cslab.org/wp-content/uploads/2024/05/IMG_1270-768x1024.jpg" is accessible.
2024-10-06 16:52:31,872 Image "http://c0a21099-website-0915.a910.tak-cslab.org/wp-content/uploads/2024/05/image-5.png" is accessible.
2024-10-06 16:52:31,900 Image "http://c0a21099-website-0915.a910.tak-cslab.org/wp-content/uploads/2024/05/IMG_1272-1024x768.jpg" is accessible.
2024-10-06 16:52:31,979 Image "http://c0a21099-website-0915.a910.tak-cslab.org/wp-content/uploads/2024/05/image-3.png" is accessible.
2024-10-06 16:52:31,998 Image "http://c0a21099-website-0915.a910.tak-cslab.org/wp-content/uploads/2024/05/20azuki-ra16.jpg" is accessible.
2024-10-06 16:52:32,031 Image "http://c0a21099-website-0915.a910.tak-cslab.org/wp-content/uploads/2024/05/image-1-1024x366.png" is accessible.
2024-10-06 16:52:32,035 Image "http://c0a21099-website-0915.a910.tak-cslab.org/wp-content/uploads/2024/05/image-2.png" is accessible.
2024-10-06 16:52:32,079 Image "http://c0a21099-website-0915.a910.tak-cslab.org/wp-content/uploads/2024/05/image-631x1024.png" is accessible.
2024-10-06 16:52:32,121 Image "http://c0a21099-website-0915.a910.tak-cslab.org/wp-content/uploads/2024/05/ハムスター.png" is accessible.
2024-10-06 16:52:32,137 Image "http://c0a21099-website-0915.a910.tak-cslab.org/wp-content/uploads/2024/04/people-2557396_1280-1024x682.jpg" is accessible.
2024-10-06 16:52:32,165 Image "http://c0a21099-website-0915.a910.tak-cslab.org/wp-content/uploads/2024/04/IMG_9959-1024x768.jpg" is accessible.
2024-10-06 16:52:32,176 Image "http://c0a21099-website-0915.a910.tak-cslab.org/wp-content/uploads/2024/04/IMG_9960-1024x768.jpg" is accessible.
2024-10-06 16:52:32,208 Image "http://c0a21099-website-0915.a910.tak-cslab.org/wp-content/uploads/2024/04/IMG_9969-1024x768.jpg" is accessible.
2024-10-06 16:52:32,222 Image "http://c0a21099-website-0915.a910.tak-cslab.org/wp-content/uploads/2024/04/IMG_9963-1024x768.jpg" is accessible.
2024-10-06 16:52:32,237 Image "http://c0a21099-website-0915.a910.tak-cslab.org/wp-content/uploads/2024/04/IMG_2563-1-1024x768.jpg" is accessible.
2024-10-06 16:52:32,272 Image "http://c0a21099-website-0915.a910.tak-cslab.org/wp-content/uploads/2024/04/IMG_2562-1024x768.jpg" is accessible.
2024-10-06 16:52:32,278 Image "http://c0a21099-website-0915.a910.tak-cslab.org/wp-content/uploads/2024/04/IMG_2561-1024x768.jpg" is accessible.
2024-10-06 16:52:32,287 Image "http://c0a21099-website-0915.a910.tak-cslab.org/wp-content/uploads/2024/04/image.png" is accessible.
2024-10-06 16:52:32,290 Image "http://c0a21099-website-0915.a910.tak-cslab.org/wp-content/uploads/2024/04/image-2.png" is accessible.
2024-10-06 16:52:32,310 Image "http://c0a21099-website-0915.a910.tak-cslab.org/wp-content/uploads/2024/04/image-1.png" is accessible.
2024-10-06 16:52:32,354 Image "http://c0a21099-website-0915.a910.tak-cslab.org/wp-content/uploads/2024/04/IMG_1172-768x1024.jpg" is accessible.
2024-10-06 16:52:32,381 Image "http://c0a21099-website-0915.a910.tak-cslab.org/wp-content/uploads/2024/04/IMG_1273-768x1024.jpg" is accessible.
2024-10-06 16:52:32,399 Image "http://c0a21099-website-0915.a910.tak-cslab.org/wp-content/uploads/2024/04/IMG_1180-768x1024.jpg" is accessible.
2024-10-06 16:52:32,405 Image "http://c0a21099-website-0915.a910.tak-cslab.org/wp-content/uploads/2024/04/IMG_1232-768x1024.jpg" is accessible.
2024-10-06 16:52:32,417 Image "http://c0a21099-website-0915.a910.tak-cslab.org/wp-content/uploads/2024/04/IMG_9118-768x1024.jpg" is accessible.
2024-10-06 16:52:32,438 Image "http://c0a21099-website-0915.a910.tak-cslab.org/wp-content/uploads/2024/04/IMG_9116-768x1024.jpg" is accessible.
2024-10-06 16:52:32,446 Image "http://c0a21099-website-0915.a910.tak-cslab.org/wp-content/uploads/2024/04/IMG_9122-768x1024.jpg" is accessible.
2024-10-06 16:52:32,456 Image "http://c0a21099-website-0915.a910.tak-cslab.org/wp-content/uploads/2024/04/IMG_9113-1-768x1024.jpg" is accessible.
2024-10-06 16:52:32,588 Image "https://www.teu.ac.jp/gakubu/images/cs_images/course_field_2023.png" is accessible.
2024-10-06 16:52:32,613 Image "http://c0a21099-website-0915.a910.tak-cslab.org/wp-content/uploads/2024/03/年齢と体感時間.webp" is accessible.
2024-10-06 16:52:32,630 Image "http://c0a21099-website-0915.a910.tak-cslab.org/wp-content/uploads/2024/03/孫悟空-1024x567.jpg" is accessible.
2024-10-06 16:52:32,651 Image "http://c0a21099-website-0915.a910.tak-cslab.org/wp-content/uploads/2024/03/IMG_9129-768x1024.jpg" is accessible.
2024-10-06 16:52:32,655 Image "http://c0a21099-website-0915.a910.tak-cslab.org/wp-content/uploads/2024/03/IMG_9135-1-768x1024.jpg" is accessible.
2024-10-06 16:52:32,664 Image "http://c0a21099-website-0915.a910.tak-cslab.org/wp-content/uploads/2024/03/IMG_9127-768x1024.jpg" is accessible.
2024-10-06 16:52:32,683 Image "http://c0a21099-website-0915.a910.tak-cslab.org/wp-content/uploads/2024/03/IMG_9126-768x1024.jpg" is accessible.
2024-10-06 16:52:32,695 Image "http://c0a21099-website-0915.a910.tak-cslab.org/wp-content/uploads/2024/03/IMG_9133-1-768x1024.jpg" is accessible.
2024-10-06 16:52:32,717 Image "http://c0a21099-website-0915.a910.tak-cslab.org/wp-content/uploads/2024/03/IMG_9134-1-768x1024.jpg" is accessible.
2024-10-06 16:52:32,739 Image "http://c0a21099-website-0915.a910.tak-cslab.org/wp-content/uploads/2024/03/IMG_9128-768x1024.jpg" is accessible.
2024-10-06 16:52:32,758 Image "http://c0a21099-website-0915.a910.tak-cslab.org/wp-content/uploads/2024/03/IMG_9130-3-768x1024.jpg" is accessible.
2024-10-06 16:52:32,771 Image "http://c0a21099-website-0915.a910.tak-cslab.org/wp-content/uploads/2024/03/IMG_9139-2-768x1024.jpg" is accessible.
2024-10-06 16:52:32,793 Image "http://c0a21099-website-0915.a910.tak-cslab.org/wp-content/uploads/2024/03/IMG_9136-1-768x1024.jpg" is accessible.
2024-10-06 16:52:32,814 Image "http://c0a21099-website-0915.a910.tak-cslab.org/wp-content/uploads/2024/03/IMG_9132-1-768x1024.jpg" is accessible.
2024-10-06 16:52:32,823 Image "http://c0a21099-website-0915.a910.tak-cslab.org/wp-content/uploads/2024/03/IMG_9138-1-768x1024.jpg" is accessible.
2024-10-06 16:52:32,843 Image "http://c0a21099-website-0915.a910.tak-cslab.org/wp-content/uploads/2024/03/IMG_9125-768x1024.jpg" is accessible.
2024-10-06 16:52:32,857 Image "http://c0a21099-website-0915.a910.tak-cslab.org/wp-content/uploads/2024/03/IMG_9124-768x1024.jpg" is accessible.
2024-10-06 16:52:32,866 Image "http://c0a21099-website-0915.a910.tak-cslab.org/wp-content/uploads/2024/03/IMG_9140-1-768x1024.jpg" is accessible.
2024-10-06 16:52:32,872 Image "http://c0a21099-website-0915.a910.tak-cslab.org/wp-content/uploads/2024/03/IMG_9137-1-768x1024.jpg" is accessible.
2024-10-06 16:52:32,894 Image "http://c0a21099-website-0915.a910.tak-cslab.org/wp-content/uploads/2024/03/IMG_9131-2-768x1024.jpg" is accessible.
2024-10-06 16:52:32,908 Image "http://c0a21099-website-0915.a910.tak-cslab.org/wp-content/uploads/2024/03/IMG_3010-768x1024.jpg" is accessible.
2024-10-06 16:52:32,916 Image "http://c0a21099-website-0915.a910.tak-cslab.org/wp-content/uploads/2024/03/IMG_3011-768x1024.jpg" is accessible.
2024-10-06 16:52:32,927 Image "http://c0a21099-website-0915.a910.tak-cslab.org/wp-content/uploads/2024/03/PXL_20240322_104659281-576x1024.jpg" is accessible.
2024-10-06 16:52:32,933 Image "http://c0a21099-website-0915.a910.tak-cslab.org/wp-content/uploads/2024/03/IMG_2024-03-22-12-33-42-061-1024x768.jpg" is accessible.
2024-10-06 16:52:32,956 Image "http://c0a21099-website-0915.a910.tak-cslab.org/wp-content/uploads/2024/03/PXL_20240322_043700566-1024x576.jpg" is accessible.
2024-10-06 16:52:32,990 Image "http://c0a21099-website-0915.a910.tak-cslab.org/wp-content/uploads/2024/03/IMG_1406-768x1024.jpg" is accessible.
2024-10-06 16:52:33,011 Image "http://c0a21099-website-0915.a910.tak-cslab.org/wp-content/uploads/2024/03/20240322_124636-1024x768.jpg" is accessible.
2024-10-06 16:52:33,040 Image "http://c0a21099-website-0915.a910.tak-cslab.org/wp-content/uploads/2024/03/PXL_20240322_043640629-1024x576.jpg" is accessible.
2024-10-06 16:52:33,056 Image "http://c0a21099-website-0915.a910.tak-cslab.org/wp-content/uploads/2024/03/IMG_3012-768x1024.jpg" is accessible.
2024-10-06 16:52:33,073 Image "http://c0a21099-website-0915.a910.tak-cslab.org/wp-content/uploads/2024/03/IMG_3701-1024x768.jpg" is accessible.
2024-10-06 16:52:33,083 Image "http://c0a21099-website-0915.a910.tak-cslab.org/wp-content/uploads/2024/03/IMG_3478-1024x576.jpg" is accessible.
2024-10-06 16:52:33,096 Image "http://c0a21099-website-0915.a910.tak-cslab.org/wp-content/uploads/2024/03/IMG_3503-1024x576.jpg" is accessible.
2024-10-06 16:52:33,100 Image "http://c0a21099-website-0915.a910.tak-cslab.org/wp-content/uploads/2024/03/IMG_3493-1024x576.jpg" is accessible.
2024-10-06 16:52:33,116 Image "http://c0a21099-website-0915.a910.tak-cslab.org/wp-content/uploads/2024/03/IMG_3473-1024x576.jpg" is accessible.
2024-10-06 16:52:33,128 Image "http://c0a21099-website-0915.a910.tak-cslab.org/wp-content/uploads/2024/03/IMG_3489-1024x576.jpg" is accessible.
2024-10-06 16:52:33,139 Image "http://c0a21099-website-0915.a910.tak-cslab.org/wp-content/uploads/2024/03/IMG_3485-1024x576.jpg" is accessible.
2024-10-06 16:52:33,154 Image "http://c0a21099-website-0915.a910.tak-cslab.org/wp-content/uploads/2024/03/DSC_1926-768x1024.jpg" is accessible.
2024-10-06 16:52:33,183 Image "http://c0a21099-website-0915.a910.tak-cslab.org/wp-content/uploads/2024/03/DSC_1925-1-768x1024.jpg" is accessible.
2024-10-06 16:52:33,221 Image "http://c0a21099-website-0915.a910.tak-cslab.org/wp-content/uploads/2024/02/image-3.png" is accessible.
2024-10-06 16:52:33,244 Image "http://c0a21099-website-0915.a910.tak-cslab.org/wp-content/uploads/2024/02/S__69574663-962x1024.jpg" is accessible.
2024-10-06 16:52:33,553 Image "https://storage.googleapis.com/studio-design-assets/projects/M3aAKAk7Oe/s-2400x1350_v-frms_webp_2b15e86e-7c76-4778-b78f-edec7635bb56_regular.webp" is accessible.
2024-10-06 16:52:33,609 Image "http://c0a21099-website-0915.a910.tak-cslab.org/wp-content/uploads/2024/02/me-ta-ne-jann-768x1024.jpg" is accessible.
2024-10-06 16:52:33,714 Image "http://c0a21099-website-0915.a910.tak-cslab.org/wp-content/uploads/2024/02/jairo-1024x768.jpg" is accessible.
2024-10-06 16:52:33,719 Image "http://c0a21099-website-0915.a910.tak-cslab.org/wp-content/uploads/2024/02/image.png" is accessible.
2024-10-06 16:52:33,738 Image "http://c0a21099-website-0915.a910.tak-cslab.org/wp-content/uploads/2024/01/IMG_2428-1.jpg" is accessible.
2024-10-06 16:52:33,743 Image "http://c0a21099-website-0915.a910.tak-cslab.org/wp-content/uploads/2024/01/IMG_2339-1024x768.jpg" is accessible.
2024-10-06 16:52:33,779 Image "http://c0a21099-website-0915.a910.tak-cslab.org/wp-content/uploads/2024/01/IMG_2338-1024x768.jpg" is accessible.
2024-10-06 16:52:33,800 Image "http://c0a21099-website-0915.a910.tak-cslab.org/wp-content/uploads/2024/01/IMG_2337-1024x768.jpg" is accessible.
2024-10-06 16:52:33,810 Image "http://c0a21099-website-0915.a910.tak-cslab.org/wp-content/uploads/2024/01/IMG_2099-1-768x1024.jpg" is accessible.
2024-10-06 16:52:33,832 Image "http://c0a21099-website-0915.a910.tak-cslab.org/wp-content/uploads/2024/01/image-4.png" is accessible.
2024-10-06 16:52:33,898 Image "http://c0a21099-website-0915.a910.tak-cslab.org/wp-content/uploads/2023/12/S__162324489-1-edited.jpg" is accessible.
2024-10-06 16:52:33,910 Image "http://c0a21099-website-0915.a910.tak-cslab.org/wp-content/uploads/2023/12/IMG_1198-1024x768.jpg" is accessible.
2024-10-06 16:52:33,949 Image "http://c0a21099-website-0915.a910.tak-cslab.org/wp-content/uploads/2023/12/ブログ画像-1024x768.jpg" is accessible.
2024-10-06 16:52:33,949 Execution time for check_images: 3.012622356414795 seconds
2024-10-06 16:52:34,466 Login page is accessible.
2024-10-06 16:52:34,466 Execution time for check_login_page: 0.5168278217315674 seconds
2024-10-06 16:52:34,485 Failed to create post: b'{"code":"rest_cannot_create","message":"\\u3053\\u306e\\u30e6\\u30fc\\u30b6\\u30fc\\u3068\\u3057\\u3066\\u6295\\u7a3f\\u3092\\u7de8\\u96c6\\u3059\\u308b\\u6a29\\u9650\\u304c\\u3042\\u308a\\u307e\\u305b\\u3093\\u3002","data":{"status":401}}'
2024-10-06 16:52:34,485 Status Code: 401
2024-10-06 16:52:34,485 Execution time for create_post: 0.01897740364074707 seconds
2024-10-06 16:52:34,536 Total items: 438
2024-10-06 16:52:34,537 Top 20% items count: 87
2024-10-06 16:52:34,569 Top viewed item "/archives/460" is accessible.
2024-10-06 16:52:34,599 Top viewed item "/archives/3329" is accessible.
2024-10-06 16:52:34,633 Top viewed item "/archives/896" is accessible.
2024-10-06 16:52:34,666 Top viewed item "/archives/901" is accessible.
2024-10-06 16:52:34,697 Top viewed item "/archives/3187" is accessible.
2024-10-06 16:52:34,727 Top viewed item "/archives/498" is accessible.
2024-10-06 16:52:34,757 Top viewed item "/archives/2898" is accessible.
2024-10-06 16:52:34,791 Top viewed item "/archives/5076" is accessible.
2024-10-06 16:52:34,822 Top viewed item "/archives/1064" is accessible.
2024-10-06 16:52:34,853 Top viewed item "/archives/4271" is accessible.
2024-10-06 16:52:34,883 Top viewed item "/archives/2836" is accessible.
2024-10-06 16:52:34,913 Top viewed item "/archives/4876" is accessible.
2024-10-06 16:52:34,944 Top viewed item "/archives/1125" is accessible.
2024-10-06 16:52:34,979 Top viewed item "/archives/2252" is accessible.
2024-10-06 16:52:35,015 Top viewed item "/archives/3064" is accessible.
2024-10-06 16:52:35,055 Top viewed item "/archives/3027" is accessible.
2024-10-06 16:52:35,085 Top viewed item "/archives/1692" is accessible.
2024-10-06 16:52:35,116 Top viewed item "/archives/3825" is accessible.
2024-10-06 16:52:35,144 Top viewed item "/archives/1180" is accessible.
2024-10-06 16:52:35,172 Top viewed item "/archives/2230" is accessible.
2024-10-06 16:52:35,203 Top viewed item "/archives/4706" is accessible.
2024-10-06 16:52:35,231 Top viewed item "/archives/4546" is accessible.
2024-10-06 16:52:35,262 Top viewed item "/archives/5488" is accessible.
2024-10-06 16:52:35,295 Top viewed item "/archives/5632" is accessible.
2024-10-06 16:52:35,324 Top viewed item "/archives/4679" is accessible.
2024-10-06 16:52:35,355 Top viewed item "/archives/1733" is accessible.
2024-10-06 16:52:35,384 Top viewed item "/archives/4587" is accessible.
2024-10-06 16:52:35,412 Top viewed item "/archives/2069" is accessible.
2024-10-06 16:52:35,441 Top viewed item "/archives/5454" is accessible.
2024-10-06 16:52:35,471 Top viewed item "/archives/1342" is accessible.
2024-10-06 16:52:35,500 Top viewed item "/archives/5060" is accessible.
2024-10-06 16:52:35,529 Top viewed item "/archives/4860" is accessible.
2024-10-06 16:52:35,559 Top viewed item "/archives/3344" is accessible.
2024-10-06 16:52:35,587 Top viewed item "/archives/4663" is accessible.
2024-10-06 16:52:35,615 Top viewed item "/archives/4017" is accessible.
2024-10-06 16:52:35,643 Top viewed item "/archives/4661" is accessible.
2024-10-06 16:52:35,672 Top viewed item "/archives/5021" is accessible.
2024-10-06 16:52:35,700 Top viewed item "/archives/152" is accessible.
2024-10-06 16:52:35,731 Top viewed item "/archives/5471" is accessible.
2024-10-06 16:52:35,760 Top viewed item "/archives/5064" is accessible.
2024-10-06 16:52:35,789 Top viewed item "/archives/4843" is accessible.
2024-10-06 16:52:35,817 Top viewed item "/archives/5684" is accessible.
2024-10-06 16:52:35,845 Top viewed item "/archives/4904" is accessible.
2024-10-06 16:52:35,877 Top viewed item "/archives/527" is accessible.
2024-10-06 16:52:35,905 Top viewed item "/archives/5907" is accessible.
2024-10-06 16:52:35,935 Top viewed item "/archives/1049" is accessible.
2024-10-06 16:52:35,964 Top viewed item "/archives/1412" is accessible.
2024-10-06 16:52:35,993 Top viewed item "/archives/4650" is accessible.
2024-10-06 16:52:36,024 Top viewed item "/archives/5650" is accessible.
2024-10-06 16:52:36,052 Top viewed item "/archives/5370" is accessible.
2024-10-06 16:52:36,083 Top viewed item "/archives/5069" is accessible.
2024-10-06 16:52:36,111 Top viewed item "/archives/5101" is accessible.
2024-10-06 16:52:36,145 Top viewed item "/archives/5378" is accessible.
2024-10-06 16:52:36,173 Top viewed item "/archives/5677" is accessible.
2024-10-06 16:52:36,202 Top viewed item "/archives/5246" is accessible.
2024-10-06 16:52:36,232 Top viewed item "/archives/770" is accessible.
2024-10-06 16:52:36,260 Top viewed item "/archives/2238" is accessible.
2024-10-06 16:52:36,290 Top viewed item "/archives/5387" is accessible.
2024-10-06 16:52:36,323 Top viewed item "/archives/5850" is accessible.
2024-10-06 16:52:36,352 Top viewed item "/archives/4967" is accessible.
2024-10-06 16:52:36,381 Top viewed item "/archives/4481" is accessible.
2024-10-06 16:52:36,409 Top viewed item "/archives/5933" is accessible.
2024-10-06 16:52:36,439 Top viewed item "/archives/2464" is accessible.
2024-10-06 16:52:36,467 Top viewed item "/archives/5458" is accessible.
2024-10-06 16:52:36,496 Top viewed item "/archives/5823" is accessible.
2024-10-06 16:52:36,525 Top viewed item "/archives/6009" is accessible.
2024-10-06 16:52:36,554 Top viewed item "/archives/5442" is accessible.
2024-10-06 16:52:36,584 Top viewed item "/archives/4737" is accessible.
2024-10-06 16:52:36,613 Top viewed item "/archives/4977" is accessible.
2024-10-06 16:52:36,640 Top viewed item "/archives/4910" is accessible.
2024-10-06 16:52:36,673 Top viewed item "/archives/4733" is accessible.
2024-10-06 16:52:36,703 Top viewed item "/archives/5393" is accessible.
2024-10-06 16:52:36,732 Top viewed item "/archives/5647" is accessible.
2024-10-06 16:52:36,762 Top viewed item "/archives/4439" is accessible.
2024-10-06 16:52:36,789 Top viewed item "/archives/5924" is accessible.
2024-10-06 16:52:36,818 Top viewed item "/archives/1211" is accessible.
2024-10-06 16:52:36,846 Top viewed item "/archives/5871" is accessible.
2024-10-06 16:52:36,878 Top viewed item "/archives/4735" is accessible.
2024-10-06 16:52:36,907 Top viewed item "/archives/5038" is accessible.
2024-10-06 16:52:36,935 Top viewed item "/archives/5462" is accessible.
2024-10-06 16:52:36,967 Top viewed item "/archives/5474" is accessible.
2024-10-06 16:52:36,996 Top viewed item "/archives/3104" is accessible.
2024-10-06 16:52:37,024 Top viewed item "/archives/4672" is accessible.
2024-10-06 16:52:37,052 Top viewed item "/archives/4711" is accessible.
2024-10-06 16:52:37,080 Top viewed item "/archives/4852" is accessible.
2024-10-06 16:52:37,108 Top viewed item "/archives/5440" is accessible.
2024-10-06 16:52:37,137 Top viewed item "/archives/6025" is accessible.
2024-10-06 16:52:37,137 Execution time for check_top_viewed_items: 2.651599407196045 seconds
2024-10-06 16:52:37,137 Total execution time: 24.194491147994995 seconds
